<?xml version="1.0" encoding="UTF-8"?>
<!-- Generated by org.testng.reporters.JUnitReportReporter -->
<testsuite hostname="dalzate" name="com.sprhib.test.RolesTest" tests="1" failures="0" timestamp="13 Nov 2014 15:03:51 GMT" time="15.727" errors="0">
  <testcase name="testGetRoles" time="15.727" classname="com.sprhib.test.RolesTest"/>
</testsuite> <!-- com.sprhib.test.RolesTest -->
