<?xml version="1.0" encoding="UTF-8"?>
<!-- Generated by org.testng.reporters.JUnitReportReporter -->
<testsuite hostname="dalzate" name="com.sprhib.test.RoleServiceTest" tests="1" failures="0" timestamp="13 Nov 2014 18:04:33 GMT" time="0.130" errors="0">
  <testcase name="testGetRoles" time="0.130" classname="com.sprhib.test.RoleServiceTest"/>
</testsuite> <!-- com.sprhib.test.RoleServiceTest -->
